       Fresh unicode-ident v1.0.22
       Fresh hashbrown v0.16.1
       Fresh equivalent v1.0.2
       Fresh unicode-segmentation v1.12.0
       Fresh proc-macro2 v1.0.104
       Fresh triomphe v0.1.15
       Fresh convert_case v0.8.0
       Fresh indexmap v2.12.1
       Fresh dyn-hash v0.2.2
       Fresh bitflags v2.10.0
       Fresh quote v1.0.42
       Fresh archery v1.2.2
       Fresh syn v2.0.112
       Fresh rpds v1.2.0
       Fresh thiserror-impl v2.0.17
       Fresh thiserror v2.0.17
       Fresh classes_macros v0.1.0 (/home/wy/rupta_rustdsl_workspace/rustdsl/classes_macros)
       Fresh classes v0.1.0 (/home/wy/rupta_rustdsl_workspace/rustdsl/classes)
       Dirty playground v0.1.0 (/home/wy/rupta_rustdsl_workspace/playground): the file `src/bin/simple_load_store.rs` has changed (1769011327.551946804s, 37m 9s after last build at 1769009098.774586988s)
    Checking playground v0.1.0 (/home/wy/rupta_rustdsl_workspace/playground)
     Running `/home/wy/rupta_rustdsl_workspace/rupta/target/debug/cargo-pta /home/wy/.rustup/toolchains/nightly-2025-05-09-x86_64-unknown-linux-gnu/bin/rustc --crate-name simple_load_store --edition=2021 src/bin/simple_load_store.rs --error-format=json --json=diagnostic-rendered-ansi,artifacts,future-incompat --crate-type bin --emit=dep-info,metadata -C embed-bitcode=no -C debuginfo=2 --check-cfg 'cfg(docsrs,test)' --check-cfg 'cfg(feature, values())' -C metadata=3d9e54d8fcb387c4 -C extra-filename=-5ebfb77697422a50 --out-dir /home/wy/rupta_rustdsl_workspace/playground/target/debug/deps -C incremental=/home/wy/rupta_rustdsl_workspace/playground/target/debug/incremental -L dependency=/home/wy/rupta_rustdsl_workspace/playground/target/debug/deps --extern classes=/home/wy/rupta_rustdsl_workspace/playground/target/debug/deps/libclasses-9494b26fc6e5fab6.rmeta --extern classes_macros=/home/wy/rupta_rustdsl_workspace/playground/target/debug/deps/libclasses_macros-076338d20eb8db95.so -Z always_encode_mir -C prefer-dynamic`
Pointer analysis completed.
Analysis time: 88ms 729us 529ns
##########################################################
Call Graph Statistics: 
#Reachable functions (CS): 362
#Reachable functions (CI): 218
#Reachable unmonomorphized functions (CI): 130
#Call graph edges (CS): 457
#Call graph edges (CI): 361
#Statically resolved calls: 361
#Dynamically resolved calls: 0, #call graph edges: 0
	#Dynamic dispatch calls: 0, #call graph edges: 0
	#Fnptr calls: 0, #call graph edges: 0
	#Dynamic Fn* trait calls: 0, #call graph edges: 0
----------------------------------------------------------
CS Points-to Statistics: 
#Pointers: 744
#Points-to relations: 888
#Avg points-to size: 1.1935483870967742
CI Points-to Statistics: 
#Pointers: 447
#Points-to relations: 565
#Avg points-to size: 1.2639821029082774
##########################################################
Used Memory Before Analysis: 130 MB
Max Memory in Analysis: 145 MB
    Finished `dev` profile [unoptimized + debuginfo] target(s) in 0.89s
