       Fresh unicode-ident v1.0.22
       Fresh proc-macro2 v1.0.104
       Fresh quote v1.0.42
       Fresh unicode-segmentation v1.12.0
       Fresh equivalent v1.0.2
       Fresh triomphe v0.1.15
       Fresh hashbrown v0.16.1
       Fresh bitflags v2.10.0
       Fresh dyn-hash v0.2.2
       Fresh syn v2.0.112
       Fresh archery v1.2.2
       Fresh convert_case v0.8.0
       Fresh indexmap v2.12.1
       Fresh thiserror-impl v2.0.17
       Fresh rpds v1.2.0
       Fresh thiserror v2.0.17
       Fresh classes_macros v0.1.0 (/home/wy/rupta_rustdsl_workspace/rustdsl/classes_macros)
       Fresh classes v0.1.0 (/home/wy/rupta_rustdsl_workspace/rustdsl/classes)
       Dirty playground v0.1.0 (/home/wy/rupta_rustdsl_workspace/playground): the file `src/bin/simple_method_call.rs` has changed (1769011342.380358844s, 42m 54s after last build at 1769008768.651841781s)
    Checking playground v0.1.0 (/home/wy/rupta_rustdsl_workspace/playground)
     Running `/home/wy/rupta_rustdsl_workspace/rupta/target/debug/cargo-pta /home/wy/.rustup/toolchains/nightly-2025-05-09-x86_64-unknown-linux-gnu/bin/rustc --crate-name simple_method_call --edition=2021 src/bin/simple_method_call.rs --error-format=json --json=diagnostic-rendered-ansi,artifacts,future-incompat --crate-type bin --emit=dep-info,metadata -C embed-bitcode=no -C debuginfo=2 --check-cfg 'cfg(docsrs,test)' --check-cfg 'cfg(feature, values())' -C metadata=7a7e6d2bd68df718 -C extra-filename=-8bd9c0c5dfcc9a0d --out-dir /home/wy/rupta_rustdsl_workspace/playground/target/debug/deps -C incremental=/home/wy/rupta_rustdsl_workspace/playground/target/debug/incremental -L dependency=/home/wy/rupta_rustdsl_workspace/playground/target/debug/deps --extern classes=/home/wy/rupta_rustdsl_workspace/playground/target/debug/deps/libclasses-9494b26fc6e5fab6.rmeta --extern classes_macros=/home/wy/rupta_rustdsl_workspace/playground/target/debug/deps/libclasses_macros-076338d20eb8db95.so -Z always_encode_mir -C prefer-dynamic`
Pointer analysis completed.
Analysis time: 87ms 594us 395ns
##########################################################
Call Graph Statistics: 
#Reachable functions (CS): 359
#Reachable functions (CI): 218
#Reachable unmonomorphized functions (CI): 127
#Call graph edges (CS): 452
#Call graph edges (CI): 358
#Statically resolved calls: 358
#Dynamically resolved calls: 0, #call graph edges: 0
	#Dynamic dispatch calls: 0, #call graph edges: 0
	#Fnptr calls: 0, #call graph edges: 0
	#Dynamic Fn* trait calls: 0, #call graph edges: 0
----------------------------------------------------------
CS Points-to Statistics: 
#Pointers: 750
#Points-to relations: 891
#Avg points-to size: 1.188
CI Points-to Statistics: 
#Pointers: 458
#Points-to relations: 573
#Avg points-to size: 1.2510917030567685
##########################################################
Used Memory Before Analysis: 133 MB
Max Memory in Analysis: 148 MB
    Finished `dev` profile [unoptimized + debuginfo] target(s) in 0.91s
